build/app/intermediates/manifest_merge_blame_file/release/manifest-merger-blame-release-report.txt
1<?xml version="1.0" encoding="utf-8"?>
2<manifest xmlns:android="http://schemas.android.com/apk/res/android"
3    package="com.bns.stagging"
4    android:versionCode="1"
5    android:versionName="1.0.0" >
6
7    <uses-sdk
8        android:minSdkVersion="20"
8-->src/main/AndroidManifest.xml
9        android:targetSdkVersion="31" />
9-->src/main/AndroidManifest.xml
10
11    <uses-permission android:name="android.permission.READ_SMS" />
11-->src/main/AndroidManifest.xml:35:5-67
11-->src/main/AndroidManifest.xml:35:22-64
12    <uses-permission android:name="android.permission.INTERNET" />
12-->src/main/AndroidManifest.xml:36:5-67
12-->src/main/AndroidManifest.xml:36:22-64
13    <uses-permission android:name="android.permission.ACCESS_NETWORK_STATE" />
13-->src/main/AndroidManifest.xml:37:5-79
13-->src/main/AndroidManifest.xml:37:22-76
14    <uses-permission android:name="android.permission.WAKE_LOCK" /> <!-- Permissions options for the `notification` group -->
14-->[:firebase_analytics] AndroidManifest.xml:11:5-68
14-->[:firebase_analytics] AndroidManifest.xml:11:22-65
15    <uses-permission android:name="android.permission.POST_NOTIFICATIONS" />
15-->[:firebase_messaging] AndroidManifest.xml:13:5-77
15-->[:firebase_messaging] AndroidManifest.xml:13:22-74
16    <uses-permission android:name="android.permission.FOREGROUND_SERVICE" />
16-->[:geolocator_android] AndroidManifest.xml:9:5-77
16-->[:geolocator_android] AndroidManifest.xml:9:22-74
17    <uses-permission android:name="android.permission.RECEIVE_SMS" /> <!-- Required by older versions of Google Play services to create IID tokens -->
17-->[:flutter_sms_listener] AndroidManifest.xml:10:5-70
17-->[:flutter_sms_listener] AndroidManifest.xml:10:22-67
18    <uses-permission android:name="com.google.android.c2dm.permission.RECEIVE" />
18-->[com.google.firebase:firebase-messaging:23.1.0] AndroidManifest.xml:28:5-82
18-->[com.google.firebase:firebase-messaging:23.1.0] AndroidManifest.xml:28:22-79
19    <uses-permission android:name="com.google.android.gms.permission.AD_ID" />
19-->[com.google.android.gms:play-services-measurement-api:21.2.0] AndroidManifest.xml:25:5-79
19-->[com.google.android.gms:play-services-measurement-api:21.2.0] AndroidManifest.xml:25:22-76
20    <uses-permission android:name="com.google.android.finsky.permission.BIND_GET_INSTALL_REFERRER_SERVICE" />
20-->[com.google.android.gms:play-services-measurement:21.2.0] AndroidManifest.xml:26:5-110
20-->[com.google.android.gms:play-services-measurement:21.2.0] AndroidManifest.xml:26:22-107
21
22    <permission
22-->[androidx.core:core:1.9.0] AndroidManifest.xml:22:5-24:47
23        android:name="com.bns.stagging.DYNAMIC_RECEIVER_NOT_EXPORTED_PERMISSION"
23-->[androidx.core:core:1.9.0] AndroidManifest.xml:23:9-81
24        android:protectionLevel="signature" />
24-->[androidx.core:core:1.9.0] AndroidManifest.xml:24:9-44
25
26    <uses-permission android:name="com.bns.stagging.DYNAMIC_RECEIVER_NOT_EXPORTED_PERMISSION" />
26-->[androidx.core:core:1.9.0] AndroidManifest.xml:26:5-97
26-->[androidx.core:core:1.9.0] AndroidManifest.xml:26:22-94
27
28    <application
29        android:name="android.app.Application"
29-->src/main/AndroidManifest.xml:5:9-42
30        android:appComponentFactory="androidx.core.app.CoreComponentFactory"
30-->[androidx.core:core:1.9.0] AndroidManifest.xml:28:18-86
31        android:icon="@mipmap/ic_launcher"
31-->src/main/AndroidManifest.xml:6:9-43
32        android:label="BNS" >
32-->src/main/AndroidManifest.xml:4:9-28
33        <activity
33-->src/main/AndroidManifest.xml:7:9-28:20
34            android:name="com.bns.stagging.MainActivity"
34-->src/main/AndroidManifest.xml:8:13-41
35            android:configChanges="orientation|keyboardHidden|keyboard|screenSize|smallestScreenSize|locale|layoutDirection|fontScale|screenLayout|density|uiMode"
35-->src/main/AndroidManifest.xml:12:13-163
36            android:exported="true"
36-->src/main/AndroidManifest.xml:9:13-36
37            android:hardwareAccelerated="true"
37-->src/main/AndroidManifest.xml:13:13-47
38            android:launchMode="singleTop"
38-->src/main/AndroidManifest.xml:10:13-43
39            android:requestLegacyExternalStorage="true"
39-->src/main/AndroidManifest.xml:14:13-56
40            android:theme="@style/LaunchTheme"
40-->src/main/AndroidManifest.xml:11:13-47
41            android:windowSoftInputMode="adjustResize" >
41-->src/main/AndroidManifest.xml:15:13-55
42
43            <!--
44                 Specifies an Android theme to apply to this Activity as soon as
45                 the Android process has started. This theme is visible to the user
46                 while the Flutter UI initializes. After that, this theme continues
47                 to determine the Window background behind the Flutter UI.
48            -->
49            <meta-data
49-->src/main/AndroidManifest.xml:20:13-23:17
50                android:name="io.flutter.embedding.android.NormalTheme"
50-->src/main/AndroidManifest.xml:21:15-70
51                android:resource="@style/NormalTheme" />
51-->src/main/AndroidManifest.xml:22:15-52
52
53            <intent-filter>
53-->src/main/AndroidManifest.xml:24:13-27:29
54                <action android:name="android.intent.action.MAIN" />
54-->src/main/AndroidManifest.xml:25:17-68
54-->src/main/AndroidManifest.xml:25:25-66
55
56                <category android:name="android.intent.category.LAUNCHER" />
56-->src/main/AndroidManifest.xml:26:17-76
56-->src/main/AndroidManifest.xml:26:27-74
57            </intent-filter>
58        </activity>
59        <!--
60             Don't delete the meta-data below.
61             This is used by the Flutter tool to generate GeneratedPluginRegistrant.java
62        -->
63        <meta-data
63-->src/main/AndroidManifest.xml:31:9-33:33
64            android:name="flutterEmbedding"
64-->src/main/AndroidManifest.xml:32:13-44
65            android:value="2" />
65-->src/main/AndroidManifest.xml:33:13-30
66
67        <service
67-->[:cloud_firestore] AndroidManifest.xml:10:9-14:19
68            android:name="com.google.firebase.components.ComponentDiscoveryService"
68-->[:cloud_firestore] AndroidManifest.xml:10:18-89
69            android:directBootAware="true"
69-->[com.google.firebase:firebase-common:20.2.0] AndroidManifest.xml:34:13-43
70            android:exported="false" >
70-->[com.google.firebase:firebase-analytics-ktx:21.2.0] AndroidManifest.xml:10:13-37
71            <meta-data
71-->[:cloud_firestore] AndroidManifest.xml:11:13-13:85
72                android:name="com.google.firebase.components:io.flutter.plugins.firebase.firestore.FlutterFirebaseFirestoreRegistrar"
72-->[:cloud_firestore] AndroidManifest.xml:12:17-134
73                android:value="com.google.firebase.components.ComponentRegistrar" />
73-->[:cloud_firestore] AndroidManifest.xml:13:17-82
74            <meta-data
74-->[:firebase_analytics] AndroidManifest.xml:15:13-17:85
75                android:name="com.google.firebase.components:io.flutter.plugins.firebase.analytics.FlutterFirebaseAppRegistrar"
75-->[:firebase_analytics] AndroidManifest.xml:16:17-128
76                android:value="com.google.firebase.components.ComponentRegistrar" />
76-->[:firebase_analytics] AndroidManifest.xml:17:17-82
77            <meta-data
77-->[:firebase_auth] AndroidManifest.xml:11:13-13:85
78                android:name="com.google.firebase.components:io.flutter.plugins.firebase.auth.FlutterFirebaseAuthRegistrar"
78-->[:firebase_auth] AndroidManifest.xml:12:17-124
79                android:value="com.google.firebase.components.ComponentRegistrar" />
79-->[:firebase_auth] AndroidManifest.xml:13:17-82
80            <meta-data
80-->[:firebase_messaging] AndroidManifest.xml:38:13-40:85
81                android:name="com.google.firebase.components:io.flutter.plugins.firebase.messaging.FlutterFirebaseAppRegistrar"
81-->[:firebase_messaging] AndroidManifest.xml:39:17-128
82                android:value="com.google.firebase.components.ComponentRegistrar" />
82-->[:firebase_messaging] AndroidManifest.xml:40:17-82
83            <meta-data
83-->[:firebase_core] AndroidManifest.xml:11:13-13:85
84                android:name="com.google.firebase.components:io.flutter.plugins.firebase.core.FlutterFirebaseCoreRegistrar"
84-->[:firebase_core] AndroidManifest.xml:12:17-124
85                android:value="com.google.firebase.components.ComponentRegistrar" />
85-->[:firebase_core] AndroidManifest.xml:13:17-82
86            <meta-data
86-->[com.google.firebase:firebase-analytics-ktx:21.2.0] AndroidManifest.xml:11:13-13:85
87                android:name="com.google.firebase.components:com.google.firebase.analytics.ktx.FirebaseAnalyticsKtxRegistrar"
87-->[com.google.firebase:firebase-analytics-ktx:21.2.0] AndroidManifest.xml:12:17-126
88                android:value="com.google.firebase.components.ComponentRegistrar" />
88-->[com.google.firebase:firebase-analytics-ktx:21.2.0] AndroidManifest.xml:13:17-82
89            <meta-data
89-->[com.google.firebase:firebase-common-ktx:20.2.0] AndroidManifest.xml:14:13-16:85
90                android:name="com.google.firebase.components:com.google.firebase.ktx.FirebaseCommonKtxRegistrar"
90-->[com.google.firebase:firebase-common-ktx:20.2.0] AndroidManifest.xml:15:17-113
91                android:value="com.google.firebase.components.ComponentRegistrar" />
91-->[com.google.firebase:firebase-common-ktx:20.2.0] AndroidManifest.xml:16:17-82
92            <meta-data
92-->[com.google.firebase:firebase-messaging:23.1.0] AndroidManifest.xml:55:13-57:85
93                android:name="com.google.firebase.components:com.google.firebase.messaging.FirebaseMessagingRegistrar"
93-->[com.google.firebase:firebase-messaging:23.1.0] AndroidManifest.xml:56:17-119
94                android:value="com.google.firebase.components.ComponentRegistrar" />
94-->[com.google.firebase:firebase-messaging:23.1.0] AndroidManifest.xml:57:17-82
95            <meta-data
95-->[com.google.firebase:firebase-datatransport:18.1.7] AndroidManifest.xml:27:13-29:85
96                android:name="com.google.firebase.components:com.google.firebase.datatransport.TransportRegistrar"
96-->[com.google.firebase:firebase-datatransport:18.1.7] AndroidManifest.xml:28:17-115
97                android:value="com.google.firebase.components.ComponentRegistrar" />
97-->[com.google.firebase:firebase-datatransport:18.1.7] AndroidManifest.xml:29:17-82
98            <meta-data
98-->[com.google.firebase:firebase-auth:21.1.0] AndroidManifest.xml:67:13-69:85
99                android:name="com.google.firebase.components:com.google.firebase.auth.FirebaseAuthRegistrar"
99-->[com.google.firebase:firebase-auth:21.1.0] AndroidManifest.xml:68:17-109
100                android:value="com.google.firebase.components.ComponentRegistrar" />
100-->[com.google.firebase:firebase-auth:21.1.0] AndroidManifest.xml:69:17-82
101            <meta-data
101-->[com.google.firebase:firebase-firestore:24.4.0] AndroidManifest.xml:19:13-21:85
102                android:name="com.google.firebase.components:com.google.firebase.firestore.FirestoreRegistrar"
102-->[com.google.firebase:firebase-firestore:24.4.0] AndroidManifest.xml:20:17-111
103                android:value="com.google.firebase.components.ComponentRegistrar" />
103-->[com.google.firebase:firebase-firestore:24.4.0] AndroidManifest.xml:21:17-82
104            <meta-data
104-->[com.google.firebase:firebase-iid:21.1.0] AndroidManifest.xml:32:13-34:85
105                android:name="com.google.firebase.components:com.google.firebase.iid.Registrar"
105-->[com.google.firebase:firebase-iid:21.1.0] AndroidManifest.xml:33:17-96
106                android:value="com.google.firebase.components.ComponentRegistrar" />
106-->[com.google.firebase:firebase-iid:21.1.0] AndroidManifest.xml:34:17-82
107            <meta-data
107-->[com.google.android.gms:play-services-measurement-api:21.2.0] AndroidManifest.xml:31:13-33:85
108                android:name="com.google.firebase.components:com.google.firebase.analytics.connector.internal.AnalyticsConnectorRegistrar"
108-->[com.google.android.gms:play-services-measurement-api:21.2.0] AndroidManifest.xml:32:17-139
109                android:value="com.google.firebase.components.ComponentRegistrar" />
109-->[com.google.android.gms:play-services-measurement-api:21.2.0] AndroidManifest.xml:33:17-82
110            <meta-data
110-->[com.google.firebase:firebase-installations:17.1.0] AndroidManifest.xml:17:13-19:85
111                android:name="com.google.firebase.components:com.google.firebase.installations.FirebaseInstallationsRegistrar"
111-->[com.google.firebase:firebase-installations:17.1.0] AndroidManifest.xml:18:17-127
112                android:value="com.google.firebase.components.ComponentRegistrar" />
112-->[com.google.firebase:firebase-installations:17.1.0] AndroidManifest.xml:19:17-82
113        </service>
114        <service
114-->[:firebase_messaging] AndroidManifest.xml:16:9-19:72
115            android:name="io.flutter.plugins.firebase.messaging.FlutterFirebaseMessagingBackgroundService"
115-->[:firebase_messaging] AndroidManifest.xml:17:13-107
116            android:exported="false"
116-->[:firebase_messaging] AndroidManifest.xml:18:13-37
117            android:permission="android.permission.BIND_JOB_SERVICE" />
117-->[:firebase_messaging] AndroidManifest.xml:19:13-69
118        <service
118-->[:firebase_messaging] AndroidManifest.xml:20:9-26:19
119            android:name="io.flutter.plugins.firebase.messaging.FlutterFirebaseMessagingService"
119-->[:firebase_messaging] AndroidManifest.xml:21:13-97
120            android:exported="false" >
120-->[:firebase_messaging] AndroidManifest.xml:22:13-37
121            <intent-filter>
121-->[:firebase_messaging] AndroidManifest.xml:23:13-25:29
122                <action android:name="com.google.firebase.MESSAGING_EVENT" />
122-->[:firebase_messaging] AndroidManifest.xml:24:17-78
122-->[:firebase_messaging] AndroidManifest.xml:24:25-75
123            </intent-filter>
124        </service>
125
126        <receiver
126-->[:firebase_messaging] AndroidManifest.xml:28:9-35:20
127            android:name="io.flutter.plugins.firebase.messaging.FlutterFirebaseMessagingReceiver"
127-->[:firebase_messaging] AndroidManifest.xml:29:13-98
128            android:exported="true"
128-->[:firebase_messaging] AndroidManifest.xml:30:13-36
129            android:permission="com.google.android.c2dm.permission.SEND" >
129-->[:firebase_messaging] AndroidManifest.xml:31:13-73
130            <intent-filter>
130-->[:firebase_messaging] AndroidManifest.xml:32:13-34:29
131                <action android:name="com.google.android.c2dm.intent.RECEIVE" />
131-->[:firebase_messaging] AndroidManifest.xml:33:17-81
131-->[:firebase_messaging] AndroidManifest.xml:33:25-78
132            </intent-filter>
133        </receiver>
134
135        <provider
135-->[:firebase_messaging] AndroidManifest.xml:43:9-47:38
136            android:name="io.flutter.plugins.firebase.messaging.FlutterFirebaseMessagingInitProvider"
136-->[:firebase_messaging] AndroidManifest.xml:44:13-102
137            android:authorities="com.bns.stagging.flutterfirebasemessaginginitprovider"
137-->[:firebase_messaging] AndroidManifest.xml:45:13-88
138            android:exported="false"
138-->[:firebase_messaging] AndroidManifest.xml:46:13-37
139            android:initOrder="99" />
139-->[:firebase_messaging] AndroidManifest.xml:47:13-35
140
141        <service
141-->[:geolocator_android] AndroidManifest.xml:12:9-16:56
142            android:name="com.baseflow.geolocator.GeolocatorLocationService"
142-->[:geolocator_android] AndroidManifest.xml:13:13-77
143            android:enabled="true"
143-->[:geolocator_android] AndroidManifest.xml:14:13-35
144            android:exported="false"
144-->[:geolocator_android] AndroidManifest.xml:15:13-37
145            android:foregroundServiceType="location" />
145-->[:geolocator_android] AndroidManifest.xml:16:13-53
146        <!--
147           Declares a provider which allows us to store files to share in
148           '.../caches/share_plus' and grant the receiving action access
149        -->
150        <provider
150-->[:share_plus] AndroidManifest.xml:15:9-23:20
151            android:name="dev.fluttercommunity.plus.share.ShareFileProvider"
151-->[:share_plus] AndroidManifest.xml:16:13-77
152            android:authorities="com.bns.stagging.flutter.share_provider"
152-->[:share_plus] AndroidManifest.xml:17:13-74
153            android:exported="false"
153-->[:share_plus] AndroidManifest.xml:18:13-37
154            android:grantUriPermissions="true" >
154-->[:share_plus] AndroidManifest.xml:19:13-47
155            <meta-data
155-->[:share_plus] AndroidManifest.xml:20:13-22:68
156                android:name="android.support.FILE_PROVIDER_PATHS"
156-->[:share_plus] AndroidManifest.xml:21:17-67
157                android:resource="@xml/flutter_share_file_paths" />
157-->[:share_plus] AndroidManifest.xml:22:17-65
158        </provider>
159        <!--
160           This manifest declared broadcast receiver allows us to use an explicit
161           Intent when creating a PendingItent to be informed of the user's choice
162        -->
163        <receiver
163-->[:share_plus] AndroidManifest.xml:28:9-34:20
164            android:name="dev.fluttercommunity.plus.share.SharePlusPendingIntent"
164-->[:share_plus] AndroidManifest.xml:29:13-82
165            android:exported="true" >
165-->[:share_plus] AndroidManifest.xml:30:13-36
166            <intent-filter>
166-->[:share_plus] AndroidManifest.xml:31:13-33:29
167                <action android:name="EXTRA_CHOSEN_COMPONENT" />
167-->[:share_plus] AndroidManifest.xml:32:17-65
167-->[:share_plus] AndroidManifest.xml:32:25-62
168            </intent-filter>
169        </receiver>
170
171        <uses-library
171-->[androidx.window:window:1.0.0-beta04] AndroidManifest.xml:25:9-27:40
172            android:name="androidx.window.extensions"
172-->[androidx.window:window:1.0.0-beta04] AndroidManifest.xml:26:13-54
173            android:required="false" />
173-->[androidx.window:window:1.0.0-beta04] AndroidManifest.xml:27:13-37
174        <uses-library
174-->[androidx.window:window:1.0.0-beta04] AndroidManifest.xml:28:9-30:40
175            android:name="androidx.window.sidecar"
175-->[androidx.window:window:1.0.0-beta04] AndroidManifest.xml:29:13-51
176            android:required="false" />
176-->[androidx.window:window:1.0.0-beta04] AndroidManifest.xml:30:13-37
177
178        <receiver
178-->[com.google.firebase:firebase-messaging:23.1.0] AndroidManifest.xml:31:9-38:20
179            android:name="com.google.firebase.iid.FirebaseInstanceIdReceiver"
179-->[com.google.firebase:firebase-messaging:23.1.0] AndroidManifest.xml:32:13-78
180            android:exported="true"
180-->[com.google.firebase:firebase-messaging:23.1.0] AndroidManifest.xml:33:13-36
181            android:permission="com.google.android.c2dm.permission.SEND" >
181-->[com.google.firebase:firebase-messaging:23.1.0] AndroidManifest.xml:34:13-73
182            <intent-filter>
182-->[:firebase_messaging] AndroidManifest.xml:32:13-34:29
183                <action android:name="com.google.android.c2dm.intent.RECEIVE" />
183-->[:firebase_messaging] AndroidManifest.xml:33:17-81
183-->[:firebase_messaging] AndroidManifest.xml:33:25-78
184            </intent-filter>
185        </receiver>
186        <!--
187             FirebaseMessagingService performs security checks at runtime,
188             but set to not exported to explicitly avoid allowing another app to call it.
189        -->
190        <service
190-->[com.google.firebase:firebase-messaging:23.1.0] AndroidManifest.xml:44:9-51:19
191            android:name="com.google.firebase.messaging.FirebaseMessagingService"
191-->[com.google.firebase:firebase-messaging:23.1.0] AndroidManifest.xml:45:13-82
192            android:directBootAware="true"
192-->[com.google.firebase:firebase-messaging:23.1.0] AndroidManifest.xml:46:13-43
193            android:exported="false" >
193-->[com.google.firebase:firebase-messaging:23.1.0] AndroidManifest.xml:47:13-37
194            <intent-filter android:priority="-500" >
194-->[:firebase_messaging] AndroidManifest.xml:23:13-25:29
195                <action android:name="com.google.firebase.MESSAGING_EVENT" />
195-->[:firebase_messaging] AndroidManifest.xml:24:17-78
195-->[:firebase_messaging] AndroidManifest.xml:24:25-75
196            </intent-filter>
197        </service>
198        <service
198-->[com.google.android.datatransport:transport-backend-cct:3.1.8] AndroidManifest.xml:28:9-34:19
199            android:name="com.google.android.datatransport.runtime.backends.TransportBackendDiscovery"
199-->[com.google.android.datatransport:transport-backend-cct:3.1.8] AndroidManifest.xml:29:13-103
200            android:exported="false" >
200-->[com.google.android.datatransport:transport-backend-cct:3.1.8] AndroidManifest.xml:30:13-37
201            <meta-data
201-->[com.google.android.datatransport:transport-backend-cct:3.1.8] AndroidManifest.xml:31:13-33:39
202                android:name="backend:com.google.android.datatransport.cct.CctBackendFactory"
202-->[com.google.android.datatransport:transport-backend-cct:3.1.8] AndroidManifest.xml:32:17-94
203                android:value="cct" />
203-->[com.google.android.datatransport:transport-backend-cct:3.1.8] AndroidManifest.xml:33:17-36
204        </service>
205        <service
205-->[com.google.android.datatransport:transport-runtime:3.1.8] AndroidManifest.xml:26:9-30:19
206            android:name="com.google.android.datatransport.runtime.scheduling.jobscheduling.JobInfoSchedulerService"
206-->[com.google.android.datatransport:transport-runtime:3.1.8] AndroidManifest.xml:27:13-117
207            android:exported="false"
207-->[com.google.android.datatransport:transport-runtime:3.1.8] AndroidManifest.xml:28:13-37
208            android:permission="android.permission.BIND_JOB_SERVICE" >
208-->[com.google.android.datatransport:transport-runtime:3.1.8] AndroidManifest.xml:29:13-69
209        </service>
210
211        <receiver
211-->[com.google.android.datatransport:transport-runtime:3.1.8] AndroidManifest.xml:32:9-34:40
212            android:name="com.google.android.datatransport.runtime.scheduling.jobscheduling.AlarmManagerSchedulerBroadcastReceiver"
212-->[com.google.android.datatransport:transport-runtime:3.1.8] AndroidManifest.xml:33:13-132
213            android:exported="false" />
213-->[com.google.android.datatransport:transport-runtime:3.1.8] AndroidManifest.xml:34:13-37
214
215        <activity
215-->[com.google.firebase:firebase-auth:21.1.0] AndroidManifest.xml:27:9-44:20
216            android:name="com.google.firebase.auth.internal.GenericIdpActivity"
216-->[com.google.firebase:firebase-auth:21.1.0] AndroidManifest.xml:28:13-80
217            android:excludeFromRecents="true"
217-->[com.google.firebase:firebase-auth:21.1.0] AndroidManifest.xml:29:13-46
218            android:exported="true"
218-->[com.google.firebase:firebase-auth:21.1.0] AndroidManifest.xml:30:13-36
219            android:launchMode="singleTask"
219-->[com.google.firebase:firebase-auth:21.1.0] AndroidManifest.xml:31:13-44
220            android:theme="@android:style/Theme.Translucent.NoTitleBar" >
220-->[com.google.firebase:firebase-auth:21.1.0] AndroidManifest.xml:32:13-72
221            <intent-filter>
221-->[com.google.firebase:firebase-auth:21.1.0] AndroidManifest.xml:33:13-43:29
222                <action android:name="android.intent.action.VIEW" />
222-->[com.google.firebase:firebase-auth:21.1.0] AndroidManifest.xml:34:17-69
222-->[com.google.firebase:firebase-auth:21.1.0] AndroidManifest.xml:34:25-66
223
224                <category android:name="android.intent.category.DEFAULT" />
224-->[com.google.firebase:firebase-auth:21.1.0] AndroidManifest.xml:36:17-76
224-->[com.google.firebase:firebase-auth:21.1.0] AndroidManifest.xml:36:27-73
225                <category android:name="android.intent.category.BROWSABLE" />
225-->[com.google.firebase:firebase-auth:21.1.0] AndroidManifest.xml:37:17-78
225-->[com.google.firebase:firebase-auth:21.1.0] AndroidManifest.xml:37:27-75
226
227                <data
227-->[com.google.firebase:firebase-auth:21.1.0] AndroidManifest.xml:39:17-42:51
228                    android:host="firebase.auth"
228-->[com.google.firebase:firebase-auth:21.1.0] AndroidManifest.xml:40:21-49
229                    android:path="/"
229-->[com.google.firebase:firebase-auth:21.1.0] AndroidManifest.xml:41:21-37
230                    android:scheme="genericidp" />
230-->[com.google.firebase:firebase-auth:21.1.0] AndroidManifest.xml:42:21-48
231            </intent-filter>
232        </activity>
233        <activity
233-->[com.google.firebase:firebase-auth:21.1.0] AndroidManifest.xml:45:9-62:20
234            android:name="com.google.firebase.auth.internal.RecaptchaActivity"
234-->[com.google.firebase:firebase-auth:21.1.0] AndroidManifest.xml:46:13-79
235            android:excludeFromRecents="true"
235-->[com.google.firebase:firebase-auth:21.1.0] AndroidManifest.xml:47:13-46
236            android:exported="true"
236-->[com.google.firebase:firebase-auth:21.1.0] AndroidManifest.xml:48:13-36
237            android:launchMode="singleTask"
237-->[com.google.firebase:firebase-auth:21.1.0] AndroidManifest.xml:49:13-44
238            android:theme="@android:style/Theme.Translucent.NoTitleBar" >
238-->[com.google.firebase:firebase-auth:21.1.0] AndroidManifest.xml:50:13-72
239            <intent-filter>
239-->[com.google.firebase:firebase-auth:21.1.0] AndroidManifest.xml:51:13-61:29
240                <action android:name="android.intent.action.VIEW" />
240-->[com.google.firebase:firebase-auth:21.1.0] AndroidManifest.xml:34:17-69
240-->[com.google.firebase:firebase-auth:21.1.0] AndroidManifest.xml:34:25-66
241
242                <category android:name="android.intent.category.DEFAULT" />
242-->[com.google.firebase:firebase-auth:21.1.0] AndroidManifest.xml:36:17-76
242-->[com.google.firebase:firebase-auth:21.1.0] AndroidManifest.xml:36:27-73
243                <category android:name="android.intent.category.BROWSABLE" />
243-->[com.google.firebase:firebase-auth:21.1.0] AndroidManifest.xml:37:17-78
243-->[com.google.firebase:firebase-auth:21.1.0] AndroidManifest.xml:37:27-75
244
245                <data
245-->[com.google.firebase:firebase-auth:21.1.0] AndroidManifest.xml:39:17-42:51
246                    android:host="firebase.auth"
246-->[com.google.firebase:firebase-auth:21.1.0] AndroidManifest.xml:40:21-49
247                    android:path="/"
247-->[com.google.firebase:firebase-auth:21.1.0] AndroidManifest.xml:41:21-37
248                    android:scheme="recaptcha" />
248-->[com.google.firebase:firebase-auth:21.1.0] AndroidManifest.xml:42:21-48
249            </intent-filter>
250        </activity>
251
252        <provider
252-->[com.google.firebase:firebase-common:20.2.0] AndroidManifest.xml:25:9-30:39
253            android:name="com.google.firebase.provider.FirebaseInitProvider"
253-->[com.google.firebase:firebase-common:20.2.0] AndroidManifest.xml:26:13-77
254            android:authorities="com.bns.stagging.firebaseinitprovider"
254-->[com.google.firebase:firebase-common:20.2.0] AndroidManifest.xml:27:13-72
255            android:directBootAware="true"
255-->[com.google.firebase:firebase-common:20.2.0] AndroidManifest.xml:28:13-43
256            android:exported="false"
256-->[com.google.firebase:firebase-common:20.2.0] AndroidManifest.xml:29:13-37
257            android:initOrder="100" />
257-->[com.google.firebase:firebase-common:20.2.0] AndroidManifest.xml:30:13-36
258
259        <activity
259-->[com.google.android.gms:play-services-base:18.0.1] AndroidManifest.xml:20:9-22:45
260            android:name="com.google.android.gms.common.api.GoogleApiActivity"
260-->[com.google.android.gms:play-services-base:18.0.1] AndroidManifest.xml:20:19-85
261            android:exported="false"
261-->[com.google.android.gms:play-services-base:18.0.1] AndroidManifest.xml:22:19-43
262            android:theme="@android:style/Theme.Translucent.NoTitleBar" />
262-->[com.google.android.gms:play-services-base:18.0.1] AndroidManifest.xml:21:19-78
263
264        <receiver
264-->[com.google.android.gms:play-services-measurement:21.2.0] AndroidManifest.xml:29:9-33:20
265            android:name="com.google.android.gms.measurement.AppMeasurementReceiver"
265-->[com.google.android.gms:play-services-measurement:21.2.0] AndroidManifest.xml:30:13-85
266            android:enabled="true"
266-->[com.google.android.gms:play-services-measurement:21.2.0] AndroidManifest.xml:31:13-35
267            android:exported="false" >
267-->[com.google.android.gms:play-services-measurement:21.2.0] AndroidManifest.xml:32:13-37
268        </receiver>
269
270        <service
270-->[com.google.android.gms:play-services-measurement:21.2.0] AndroidManifest.xml:35:9-38:40
271            android:name="com.google.android.gms.measurement.AppMeasurementService"
271-->[com.google.android.gms:play-services-measurement:21.2.0] AndroidManifest.xml:36:13-84
272            android:enabled="true"
272-->[com.google.android.gms:play-services-measurement:21.2.0] AndroidManifest.xml:37:13-35
273            android:exported="false" />
273-->[com.google.android.gms:play-services-measurement:21.2.0] AndroidManifest.xml:38:13-37
274        <service
274-->[com.google.android.gms:play-services-measurement:21.2.0] AndroidManifest.xml:39:9-43:72
275            android:name="com.google.android.gms.measurement.AppMeasurementJobService"
275-->[com.google.android.gms:play-services-measurement:21.2.0] AndroidManifest.xml:40:13-87
276            android:enabled="true"
276-->[com.google.android.gms:play-services-measurement:21.2.0] AndroidManifest.xml:41:13-35
277            android:exported="false"
277-->[com.google.android.gms:play-services-measurement:21.2.0] AndroidManifest.xml:42:13-37